<?xml version="1.0" encoding="UTF-8"?>
<testsuite xmlns:xsi="http://www.w3.org/2001/XMLSchema-instance" xsi:noNamespaceSchemaLocation="https://maven.apache.org/surefire/maven-surefire-plugin/xsd/surefire-test-report.xsd" version="3.0.2" name="api.tests.DDTests" time="13.554" tests="8" errors="0" skipped="0" failures="0">
  <properties>
    <property name="java.specification.version" value="21"/>
    <property name="sun.jnu.encoding" value="UTF-8"/>
    <property name="java.class.path" value="/Users/amriteshkumar/eclipse-workspace/RestAssured-training/PetstoreAutomation/target/test-classes:/Users/amriteshkumar/eclipse-workspace/RestAssured-training/PetstoreAutomation/target/classes:/Users/amriteshkumar/.m2/repository/io/rest-assured/json-path/5.5.5/json-path-5.5.5.jar:/Users/amriteshkumar/.m2/repository/org/apache/groovy/groovy-json/4.0.22/groovy-json-4.0.22.jar:/Users/amriteshkumar/.m2/repository/org/apache/groovy/groovy/4.0.22/groovy-4.0.22.jar:/Users/amriteshkumar/.m2/repository/io/rest-assured/rest-assured-common/5.5.5/rest-assured-common-5.5.5.jar:/Users/amriteshkumar/.m2/repository/org/json/json/20250517/json-20250517.jar:/Users/amriteshkumar/.m2/repository/org/testng/testng/7.11.0/testng-7.11.0.jar:/Users/amriteshkumar/.m2/repository/org/slf4j/slf4j-api/2.0.16/slf4j-api-2.0.16.jar:/Users/amriteshkumar/.m2/repository/org/jcommander/jcommander/1.83/jcommander-1.83.jar:/Users/amriteshkumar/.m2/repository/org/webjars/jquery/3.7.1/jquery-3.7.1.jar:/Users/amriteshkumar/.m2/repository/com/google/code/gson/gson/2.13.1/gson-2.13.1.jar:/Users/amriteshkumar/.m2/repository/com/google/errorprone/error_prone_annotations/2.38.0/error_prone_annotations-2.38.0.jar:/Users/amriteshkumar/.m2/repository/com/github/scribejava/scribejava-apis/8.3.3/scribejava-apis-8.3.3.jar:/Users/amriteshkumar/.m2/repository/com/github/scribejava/scribejava-core/8.3.3/scribejava-core-8.3.3.jar:/Users/amriteshkumar/.m2/repository/com/github/scribejava/scribejava-java8/8.3.3/scribejava-java8-8.3.3.jar:/Users/amriteshkumar/.m2/repository/com/fasterxml/jackson/core/jackson-databind/2.14.0/jackson-databind-2.14.0.jar:/Users/amriteshkumar/.m2/repository/com/fasterxml/jackson/core/jackson-annotations/2.14.0/jackson-annotations-2.14.0.jar:/Users/amriteshkumar/.m2/repository/com/fasterxml/jackson/core/jackson-core/2.14.0/jackson-core-2.14.0.jar:/Users/amriteshkumar/.m2/repository/io/rest-assured/json-schema-validator/5.5.5/json-schema-validator-5.5.5.jar:/Users/amriteshkumar/.m2/repository/com/github/java-json-tools/json-schema-validator/2.2.14/json-schema-validator-2.2.14.jar:/Users/amriteshkumar/.m2/repository/com/github/java-json-tools/jackson-coreutils-equivalence/1.0/jackson-coreutils-equivalence-1.0.jar:/Users/amriteshkumar/.m2/repository/com/github/java-json-tools/jackson-coreutils/2.0/jackson-coreutils-2.0.jar:/Users/amriteshkumar/.m2/repository/com/github/java-json-tools/msg-simple/1.2/msg-simple-1.2.jar:/Users/amriteshkumar/.m2/repository/com/github/java-json-tools/btf/1.3/btf-1.3.jar:/Users/amriteshkumar/.m2/repository/com/github/java-json-tools/json-schema-core/1.2.14/json-schema-core-1.2.14.jar:/Users/amriteshkumar/.m2/repository/com/github/java-json-tools/uri-template/0.10/uri-template-0.10.jar:/Users/amriteshkumar/.m2/repository/org/mozilla/rhino/1.7.7.2/rhino-1.7.7.2.jar:/Users/amriteshkumar/.m2/repository/com/sun/mail/mailapi/1.6.2/mailapi-1.6.2.jar:/Users/amriteshkumar/.m2/repository/joda-time/joda-time/2.10.5/joda-time-2.10.5.jar:/Users/amriteshkumar/.m2/repository/com/googlecode/libphonenumber/libphonenumber/8.11.1/libphonenumber-8.11.1.jar:/Users/amriteshkumar/.m2/repository/com/google/code/findbugs/jsr305/3.0.2/jsr305-3.0.2.jar:/Users/amriteshkumar/.m2/repository/net/sf/jopt-simple/jopt-simple/5.0.4/jopt-simple-5.0.4.jar:/Users/amriteshkumar/.m2/repository/com/google/guava/guava/33.2.1-jre/guava-33.2.1-jre.jar:/Users/amriteshkumar/.m2/repository/com/google/guava/failureaccess/1.0.2/failureaccess-1.0.2.jar:/Users/amriteshkumar/.m2/repository/com/google/guava/listenablefuture/9999.0-empty-to-avoid-conflict-with-guava/listenablefuture-9999.0-empty-to-avoid-conflict-with-guava.jar:/Users/amriteshkumar/.m2/repository/org/checkerframework/checker-qual/3.42.0/checker-qual-3.42.0.jar:/Users/amriteshkumar/.m2/repository/com/google/j2objc/j2objc-annotations/3.0.0/j2objc-annotations-3.0.0.jar:/Users/amriteshkumar/.m2/repository/org/hamcrest/hamcrest/2.2/hamcrest-2.2.jar:/Users/amriteshkumar/.m2/repository/io/rest-assured/xml-path/5.5.5/xml-path-5.5.5.jar:/Users/amriteshkumar/.m2/repository/org/apache/groovy/groovy-xml/4.0.22/groovy-xml-4.0.22.jar:/Users/amriteshkumar/.m2/repository/org/apache/commons/commons-lang3/3.16.0/commons-lang3-3.16.0.jar:/Users/amriteshkumar/.m2/repository/org/ccil/cowan/tagsoup/tagsoup/1.2.1/tagsoup-1.2.1.jar:/Users/amriteshkumar/.m2/repository/io/rest-assured/rest-assured/5.3.0/rest-assured-5.3.0.jar:/Users/amriteshkumar/.m2/repository/org/apache/httpcomponents/httpclient/4.5.13/httpclient-4.5.13.jar:/Users/amriteshkumar/.m2/repository/org/apache/httpcomponents/httpcore/4.4.13/httpcore-4.4.13.jar:/Users/amriteshkumar/.m2/repository/commons-logging/commons-logging/1.2/commons-logging-1.2.jar:/Users/amriteshkumar/.m2/repository/org/apache/httpcomponents/httpmime/4.5.13/httpmime-4.5.13.jar:/Users/amriteshkumar/.m2/repository/com/github/javafaker/javafaker/1.0.2/javafaker-1.0.2.jar:/Users/amriteshkumar/.m2/repository/org/yaml/snakeyaml/1.23/snakeyaml-1.23-android.jar:/Users/amriteshkumar/.m2/repository/com/github/mifmif/generex/1.0.2/generex-1.0.2.jar:/Users/amriteshkumar/.m2/repository/dk/brics/automaton/automaton/1.11-8/automaton-1.11-8.jar:/Users/amriteshkumar/.m2/repository/com/aventstack/extentreports/5.1.2/extentreports-5.1.2.jar:/Users/amriteshkumar/.m2/repository/io/reactivex/rxjava3/rxjava/3.1.6/rxjava-3.1.6.jar:/Users/amriteshkumar/.m2/repository/org/reactivestreams/reactive-streams/1.0.4/reactive-streams-1.0.4.jar:/Users/amriteshkumar/.m2/repository/org/freemarker/freemarker/2.3.32/freemarker-2.3.32.jar:/Users/amriteshkumar/.m2/repository/org/projectlombok/lombok/1.18.26/lombok-1.18.26.jar:/Users/amriteshkumar/.m2/repository/org/apache/poi/poi/5.4.1/poi-5.4.1.jar:/Users/amriteshkumar/.m2/repository/commons-codec/commons-codec/1.18.0/commons-codec-1.18.0.jar:/Users/amriteshkumar/.m2/repository/org/apache/commons/commons-collections4/4.4/commons-collections4-4.4.jar:/Users/amriteshkumar/.m2/repository/org/apache/commons/commons-math3/3.6.1/commons-math3-3.6.1.jar:/Users/amriteshkumar/.m2/repository/commons-io/commons-io/2.18.0/commons-io-2.18.0.jar:/Users/amriteshkumar/.m2/repository/com/zaxxer/SparseBitSet/1.3/SparseBitSet-1.3.jar:/Users/amriteshkumar/.m2/repository/org/apache/poi/poi-ooxml/5.4.1/poi-ooxml-5.4.1.jar:/Users/amriteshkumar/.m2/repository/org/apache/poi/poi-ooxml-lite/5.4.1/poi-ooxml-lite-5.4.1.jar:/Users/amriteshkumar/.m2/repository/org/apache/xmlbeans/xmlbeans/5.3.0/xmlbeans-5.3.0.jar:/Users/amriteshkumar/.m2/repository/org/apache/commons/commons-compress/1.27.1/commons-compress-1.27.1.jar:/Users/amriteshkumar/.m2/repository/com/github/virtuald/curvesapi/1.08/curvesapi-1.08.jar:/Users/amriteshkumar/.m2/repository/org/apache/logging/log4j/log4j-core/2.20.0/log4j-core-2.20.0.jar:/Users/amriteshkumar/.m2/repository/org/apache/logging/log4j/log4j-api/2.20.0/log4j-api-2.20.0.jar:"/>
    <property name="java.vm.vendor" value="Oracle Corporation"/>
    <property name="sun.arch.data.model" value="64"/>
    <property name="java.vendor.url" value="https://java.oracle.com/"/>
    <property name="user.timezone" value="Asia/Kolkata"/>
    <property name="os.name" value="Mac OS X"/>
    <property name="java.vm.specification.version" value="21"/>
    <property name="sun.java.launcher" value="SUN_STANDARD"/>
    <property name="user.country" value="IN"/>
    <property name="sun.boot.library.path" value="/Library/Java/JavaVirtualMachines/jdk-21.jdk/Contents/Home/lib"/>
    <property name="sun.java.command" value="/Users/amriteshkumar/eclipse-workspace/RestAssured-training/PetstoreAutomation/target/surefire/surefirebooter-20250624141504732_3.jar /Users/amriteshkumar/eclipse-workspace/RestAssured-training/PetstoreAutomation/target/surefire 2025-06-24T14-15-04_692-jvmRun1 surefire-20250624141504732_1tmp surefire_0-20250624141504732_2tmp"/>
    <property name="http.nonProxyHosts" value="local|*.local|169.254/16|*.169.254/16"/>
    <property name="jdk.debug" value="release"/>
    <property name="test" value="api.tests.DDTests"/>
    <property name="surefire.test.class.path" value="/Users/amriteshkumar/eclipse-workspace/RestAssured-training/PetstoreAutomation/target/test-classes:/Users/amriteshkumar/eclipse-workspace/RestAssured-training/PetstoreAutomation/target/classes:/Users/amriteshkumar/.m2/repository/io/rest-assured/json-path/5.5.5/json-path-5.5.5.jar:/Users/amriteshkumar/.m2/repository/org/apache/groovy/groovy-json/4.0.22/groovy-json-4.0.22.jar:/Users/amriteshkumar/.m2/repository/org/apache/groovy/groovy/4.0.22/groovy-4.0.22.jar:/Users/amriteshkumar/.m2/repository/io/rest-assured/rest-assured-common/5.5.5/rest-assured-common-5.5.5.jar:/Users/amriteshkumar/.m2/repository/org/json/json/20250517/json-20250517.jar:/Users/amriteshkumar/.m2/repository/org/testng/testng/7.11.0/testng-7.11.0.jar:/Users/amriteshkumar/.m2/repository/org/slf4j/slf4j-api/2.0.16/slf4j-api-2.0.16.jar:/Users/amriteshkumar/.m2/repository/org/jcommander/jcommander/1.83/jcommander-1.83.jar:/Users/amriteshkumar/.m2/repository/org/webjars/jquery/3.7.1/jquery-3.7.1.jar:/Users/amriteshkumar/.m2/repository/com/google/code/gson/gson/2.13.1/gson-2.13.1.jar:/Users/amriteshkumar/.m2/repository/com/google/errorprone/error_prone_annotations/2.38.0/error_prone_annotations-2.38.0.jar:/Users/amriteshkumar/.m2/repository/com/github/scribejava/scribejava-apis/8.3.3/scribejava-apis-8.3.3.jar:/Users/amriteshkumar/.m2/repository/com/github/scribejava/scribejava-core/8.3.3/scribejava-core-8.3.3.jar:/Users/amriteshkumar/.m2/repository/com/github/scribejava/scribejava-java8/8.3.3/scribejava-java8-8.3.3.jar:/Users/amriteshkumar/.m2/repository/com/fasterxml/jackson/core/jackson-databind/2.14.0/jackson-databind-2.14.0.jar:/Users/amriteshkumar/.m2/repository/com/fasterxml/jackson/core/jackson-annotations/2.14.0/jackson-annotations-2.14.0.jar:/Users/amriteshkumar/.m2/repository/com/fasterxml/jackson/core/jackson-core/2.14.0/jackson-core-2.14.0.jar:/Users/amriteshkumar/.m2/repository/io/rest-assured/json-schema-validator/5.5.5/json-schema-validator-5.5.5.jar:/Users/amriteshkumar/.m2/repository/com/github/java-json-tools/json-schema-validator/2.2.14/json-schema-validator-2.2.14.jar:/Users/amriteshkumar/.m2/repository/com/github/java-json-tools/jackson-coreutils-equivalence/1.0/jackson-coreutils-equivalence-1.0.jar:/Users/amriteshkumar/.m2/repository/com/github/java-json-tools/jackson-coreutils/2.0/jackson-coreutils-2.0.jar:/Users/amriteshkumar/.m2/repository/com/github/java-json-tools/msg-simple/1.2/msg-simple-1.2.jar:/Users/amriteshkumar/.m2/repository/com/github/java-json-tools/btf/1.3/btf-1.3.jar:/Users/amriteshkumar/.m2/repository/com/github/java-json-tools/json-schema-core/1.2.14/json-schema-core-1.2.14.jar:/Users/amriteshkumar/.m2/repository/com/github/java-json-tools/uri-template/0.10/uri-template-0.10.jar:/Users/amriteshkumar/.m2/repository/org/mozilla/rhino/1.7.7.2/rhino-1.7.7.2.jar:/Users/amriteshkumar/.m2/repository/com/sun/mail/mailapi/1.6.2/mailapi-1.6.2.jar:/Users/amriteshkumar/.m2/repository/joda-time/joda-time/2.10.5/joda-time-2.10.5.jar:/Users/amriteshkumar/.m2/repository/com/googlecode/libphonenumber/libphonenumber/8.11.1/libphonenumber-8.11.1.jar:/Users/amriteshkumar/.m2/repository/com/google/code/findbugs/jsr305/3.0.2/jsr305-3.0.2.jar:/Users/amriteshkumar/.m2/repository/net/sf/jopt-simple/jopt-simple/5.0.4/jopt-simple-5.0.4.jar:/Users/amriteshkumar/.m2/repository/com/google/guava/guava/33.2.1-jre/guava-33.2.1-jre.jar:/Users/amriteshkumar/.m2/repository/com/google/guava/failureaccess/1.0.2/failureaccess-1.0.2.jar:/Users/amriteshkumar/.m2/repository/com/google/guava/listenablefuture/9999.0-empty-to-avoid-conflict-with-guava/listenablefuture-9999.0-empty-to-avoid-conflict-with-guava.jar:/Users/amriteshkumar/.m2/repository/org/checkerframework/checker-qual/3.42.0/checker-qual-3.42.0.jar:/Users/amriteshkumar/.m2/repository/com/google/j2objc/j2objc-annotations/3.0.0/j2objc-annotations-3.0.0.jar:/Users/amriteshkumar/.m2/repository/org/hamcrest/hamcrest/2.2/hamcrest-2.2.jar:/Users/amriteshkumar/.m2/repository/io/rest-assured/xml-path/5.5.5/xml-path-5.5.5.jar:/Users/amriteshkumar/.m2/repository/org/apache/groovy/groovy-xml/4.0.22/groovy-xml-4.0.22.jar:/Users/amriteshkumar/.m2/repository/org/apache/commons/commons-lang3/3.16.0/commons-lang3-3.16.0.jar:/Users/amriteshkumar/.m2/repository/org/ccil/cowan/tagsoup/tagsoup/1.2.1/tagsoup-1.2.1.jar:/Users/amriteshkumar/.m2/repository/io/rest-assured/rest-assured/5.3.0/rest-assured-5.3.0.jar:/Users/amriteshkumar/.m2/repository/org/apache/httpcomponents/httpclient/4.5.13/httpclient-4.5.13.jar:/Users/amriteshkumar/.m2/repository/org/apache/httpcomponents/httpcore/4.4.13/httpcore-4.4.13.jar:/Users/amriteshkumar/.m2/repository/commons-logging/commons-logging/1.2/commons-logging-1.2.jar:/Users/amriteshkumar/.m2/repository/org/apache/httpcomponents/httpmime/4.5.13/httpmime-4.5.13.jar:/Users/amriteshkumar/.m2/repository/com/github/javafaker/javafaker/1.0.2/javafaker-1.0.2.jar:/Users/amriteshkumar/.m2/repository/org/yaml/snakeyaml/1.23/snakeyaml-1.23-android.jar:/Users/amriteshkumar/.m2/repository/com/github/mifmif/generex/1.0.2/generex-1.0.2.jar:/Users/amriteshkumar/.m2/repository/dk/brics/automaton/automaton/1.11-8/automaton-1.11-8.jar:/Users/amriteshkumar/.m2/repository/com/aventstack/extentreports/5.1.2/extentreports-5.1.2.jar:/Users/amriteshkumar/.m2/repository/io/reactivex/rxjava3/rxjava/3.1.6/rxjava-3.1.6.jar:/Users/amriteshkumar/.m2/repository/org/reactivestreams/reactive-streams/1.0.4/reactive-streams-1.0.4.jar:/Users/amriteshkumar/.m2/repository/org/freemarker/freemarker/2.3.32/freemarker-2.3.32.jar:/Users/amriteshkumar/.m2/repository/org/projectlombok/lombok/1.18.26/lombok-1.18.26.jar:/Users/amriteshkumar/.m2/repository/org/apache/poi/poi/5.4.1/poi-5.4.1.jar:/Users/amriteshkumar/.m2/repository/commons-codec/commons-codec/1.18.0/commons-codec-1.18.0.jar:/Users/amriteshkumar/.m2/repository/org/apache/commons/commons-collections4/4.4/commons-collections4-4.4.jar:/Users/amriteshkumar/.m2/repository/org/apache/commons/commons-math3/3.6.1/commons-math3-3.6.1.jar:/Users/amriteshkumar/.m2/repository/commons-io/commons-io/2.18.0/commons-io-2.18.0.jar:/Users/amriteshkumar/.m2/repository/com/zaxxer/SparseBitSet/1.3/SparseBitSet-1.3.jar:/Users/amriteshkumar/.m2/repository/org/apache/poi/poi-ooxml/5.4.1/poi-ooxml-5.4.1.jar:/Users/amriteshkumar/.m2/repository/org/apache/poi/poi-ooxml-lite/5.4.1/poi-ooxml-lite-5.4.1.jar:/Users/amriteshkumar/.m2/repository/org/apache/xmlbeans/xmlbeans/5.3.0/xmlbeans-5.3.0.jar:/Users/amriteshkumar/.m2/repository/org/apache/commons/commons-compress/1.27.1/commons-compress-1.27.1.jar:/Users/amriteshkumar/.m2/repository/com/github/virtuald/curvesapi/1.08/curvesapi-1.08.jar:/Users/amriteshkumar/.m2/repository/org/apache/logging/log4j/log4j-core/2.20.0/log4j-core-2.20.0.jar:/Users/amriteshkumar/.m2/repository/org/apache/logging/log4j/log4j-api/2.20.0/log4j-api-2.20.0.jar:"/>
    <property name="sun.cpu.endian" value="little"/>
    <property name="user.home" value="/Users/amriteshkumar"/>
    <property name="user.language" value="en"/>
    <property name="java.specification.vendor" value="Oracle Corporation"/>
    <property name="java.version.date" value="2024-07-16"/>
    <property name="java.home" value="/Library/Java/JavaVirtualMachines/jdk-21.jdk/Contents/Home"/>
    <property name="file.separator" value="/"/>
    <property name="basedir" value="/Users/amriteshkumar/eclipse-workspace/RestAssured-training/PetstoreAutomation"/>
    <property name="java.vm.compressedOopsMode" value="Zero based"/>
    <property name="line.separator" value="&#10;"/>
    <property name="java.vm.specification.vendor" value="Oracle Corporation"/>
    <property name="java.specification.name" value="Java Platform API Specification"/>
    <property name="apple.awt.application.name" value="ForkedBooter"/>
    <property name="surefire.real.class.path" value="/Users/amriteshkumar/eclipse-workspace/RestAssured-training/PetstoreAutomation/target/surefire/surefirebooter-20250624141504732_3.jar"/>
    <property name="sun.management.compiler" value="HotSpot 64-Bit Tiered Compilers"/>
    <property name="ftp.nonProxyHosts" value="local|*.local|169.254/16|*.169.254/16"/>
    <property name="java.runtime.version" value="21.0.4+8-LTS-274"/>
    <property name="user.name" value="amriteshkumar"/>
    <property name="stdout.encoding" value="UTF-8"/>
    <property name="path.separator" value=":"/>
    <property name="os.version" value="12.3"/>
    <property name="java.runtime.name" value="Java(TM) SE Runtime Environment"/>
    <property name="file.encoding" value="UTF-8"/>
    <property name="java.vm.name" value="Java HotSpot(TM) 64-Bit Server VM"/>
    <property name="localRepository" value="/Users/amriteshkumar/.m2/repository"/>
    <property name="java.vendor.url.bug" value="https://bugreport.java.com/bugreport/"/>
    <property name="java.io.tmpdir" value="/var/folders/ht/0_dt98kx3fdfn_gnslz_wxb80000gn/T/"/>
    <property name="java.version" value="21.0.4"/>
    <property name="user.dir" value="/Users/amriteshkumar/eclipse-workspace/RestAssured-training/PetstoreAutomation"/>
    <property name="os.arch" value="aarch64"/>
    <property name="java.vm.specification.name" value="Java Virtual Machine Specification"/>
    <property name="native.encoding" value="UTF-8"/>
    <property name="java.library.path" value="/Users/amriteshkumar/Library/Java/Extensions:/Library/Java/Extensions:/Network/Library/Java/Extensions:/System/Library/Java/Extensions:/usr/lib/java:."/>
    <property name="java.vm.info" value="mixed mode, sharing"/>
    <property name="stderr.encoding" value="UTF-8"/>
    <property name="java.vendor" value="Oracle Corporation"/>
    <property name="java.vm.version" value="21.0.4+8-LTS-274"/>
    <property name="sun.io.unicode.encoding" value="UnicodeBig"/>
    <property name="socksNonProxyHosts" value="local|*.local|169.254/16|*.169.254/16"/>
    <property name="java.class.version" value="65.0"/>
  </properties>
  <testcase name="testPostUsers[1010, testuser1, john, cennedy, a@gmail.com, test@1, 71236474](1)" classname="api.tests.DDTests" time="2.259">
    <system-err><![CDATA[SLF4J(W): No SLF4J providers were found.
SLF4J(W): Defaulting to no-operation (NOP) logger implementation
SLF4J(W): See https://www.slf4j.org/codes.html#noProviders for further details.
]]></system-err>
  </testcase>
  <testcase name="testPostUsers[1020, testuser2, kim, kom, b@gmail.com, test@2, 908568754](2)" classname="api.tests.DDTests" time="1.454"/>
  <testcase name="testPostUsers[1030, testuser3, rahul, bojha, c@gmail.com, test@3, 4364668423](3)" classname="api.tests.DDTests" time="1.385"/>
  <testcase name="testPostUsers[1040, testuser4, tulsi, ram, d@gmail.com, test@4, 3268434743](4)" classname="api.tests.DDTests" time="1.33"/>
  <testcase name="testDeleteUsers[testuser1](1)" classname="api.tests.DDTests" time="1.584">
    <system-out><![CDATA[Testing user: testuser1
]]></system-out>
  </testcase>
  <testcase name="testDeleteUsers[testuser2](2)" classname="api.tests.DDTests" time="1.432">
    <system-out><![CDATA[Testing user: testuser2
]]></system-out>
  </testcase>
  <testcase name="testDeleteUsers[testuser3](3)" classname="api.tests.DDTests" time="1.433">
    <system-out><![CDATA[Testing user: testuser3
]]></system-out>
  </testcase>
  <testcase name="testDeleteUsers[testuser4](4)" classname="api.tests.DDTests" time="1.537">
    <system-out><![CDATA[Testing user: testuser4
]]></system-out>
  </testcase>
</testsuite>