<?xml version="1.0" encoding="UTF-8"?>
<!-- Generated by org.testng.reporters.JUnitReportReporter -->
<testsuite hostname="AMRITESHs-MacBook-Air.local" failures="0" tests="4" name="api.tests.StoreTest" time="9.599" errors="0" timestamp="2025-06-28T00:53:40 IST" skipped="0">
  <testcase classname="api.tests.StoreTest" name="testGetStoreInventory" time="3.985"/>
  <testcase classname="api.tests.StoreTest" name="testPlaceOrder" time="2.421"/>
  <testcase classname="api.tests.StoreTest" name="testGetOrderInfo" time="1.562"/>
  <testcase classname="api.tests.StoreTest" name="testDeleteOrder" time="1.631"/>
</testsuite> <!-- api.tests.StoreTest -->
