<?xml version="1.0" encoding="UTF-8"?>
<!-- Generated by org.testng.reporters.JUnitReportReporter -->
<testsuite hostname="AMRITESHs-MacBook-Air.local" failures="0" tests="4" name="api.tests.UserTest2" time="9.952" errors="0" timestamp="2025-06-24T10:08:01 IST" skipped="0">
  <testcase classname="api.tests.UserTest2" name="testPostUser" time="4.373"/>
  <testcase classname="api.tests.UserTest2" name="testGetUserByName" time="1.407"/>
  <testcase classname="api.tests.UserTest2" name="testUpdateUserByName" time="2.812"/>
  <testcase classname="api.tests.UserTest2" name="testDeleteUserByName" time="1.360"/>
</testsuite> <!-- api.tests.UserTest2 -->
