<?xml version="1.0" encoding="UTF-8"?>
<!-- Generated by org.testng.reporters.JUnitReportReporter -->
<testsuite hostname="AMRITESHs-MacBook-Air.local" failures="0" tests="4" name="api.tests.UserTest" time="9.954" errors="0" timestamp="2025-06-24T01:30:19 IST" skipped="0">
  <testcase classname="api.tests.UserTest" name="testPostUser" time="3.991"/>
  <testcase classname="api.tests.UserTest" name="testGetUserByName" time="1.621"/>
  <testcase classname="api.tests.UserTest" name="testUpdateUserByName" time="2.917"/>
  <testcase classname="api.tests.UserTest" name="testDeleteUserByName" time="1.425"/>
</testsuite> <!-- api.tests.UserTest -->
