<?xml version="1.0" encoding="UTF-8"?>
<!-- Generated by org.testng.reporters.JUnitReportReporter -->
<testsuite hostname="AMRITESHs-MacBook-Air.local" failures="0" tests="4" name="api.tests.StoreTest" time="6.902" errors="0" timestamp="2025-06-28T00:32:02 IST" skipped="0">
  <testcase classname="api.tests.StoreTest" name="testGetStoreInventory" time="2.179"/>
  <testcase classname="api.tests.StoreTest" name="testPlaceOrder" time="1.726"/>
  <testcase classname="api.tests.StoreTest" name="testGetOrderInfo" time="1.568"/>
  <testcase classname="api.tests.StoreTest" name="testDeleteOrder" time="1.429"/>
</testsuite> <!-- api.tests.StoreTest -->
