<?xml version="1.0" encoding="UTF-8"?>
<!-- Generated by org.testng.reporters.JUnitReportReporter -->
<testsuite hostname="AMRITESHs-MacBook-Air.local" failures="0" tests="4" name="api.tests.UserTest2" time="13.039" errors="0" timestamp="2025-06-24T14:22:35 IST" skipped="0">
  <testcase classname="api.tests.UserTest2" name="testPostUser" time="7.266"/>
  <testcase classname="api.tests.UserTest2" name="testGetUserByName" time="1.478"/>
  <testcase classname="api.tests.UserTest2" name="testUpdateUserByName" time="2.974"/>
  <testcase classname="api.tests.UserTest2" name="testDeleteUserByName" time="1.321"/>
</testsuite> <!-- api.tests.UserTest2 -->
