<?xml version="1.0" encoding="UTF-8"?>
<!-- Generated by org.testng.reporters.JUnitReportReporter -->
<testsuite hostname="AMRITESHs-MacBook-Air.local" failures="0" tests="8" name="api.tests.DDTests" time="12.402" errors="0" timestamp="2025-06-24T14:15:18 IST" skipped="0">
  <testcase classname="api.tests.DDTests" name="testPostUsers" time="1.385"/>
  <testcase classname="api.tests.DDTests" name="testPostUsers" time="2.257"/>
  <testcase classname="api.tests.DDTests" name="testPostUsers" time="1.452"/>
  <testcase classname="api.tests.DDTests" name="testPostUsers" time="1.328"/>
  <testcase classname="api.tests.DDTests" name="testDeleteUsers" time="1.432"/>
  <testcase classname="api.tests.DDTests" name="testDeleteUsers" time="1.431"/>
  <testcase classname="api.tests.DDTests" name="testDeleteUsers" time="1.535"/>
  <testcase classname="api.tests.DDTests" name="testDeleteUsers" time="1.582"/>
</testsuite> <!-- api.tests.DDTests -->
