<?xml version="1.0" encoding="UTF-8"?>
<!-- Generated by org.testng.reporters.JUnitReportReporter -->
<testsuite hostname="AMRITESHs-MacBook-Air.local" failures="0" tests="4" name="api.tests.StoreTest" time="6.889" errors="0" timestamp="2025-06-28T00:58:03 IST" skipped="0">
  <testcase classname="api.tests.StoreTest" name="testGetStoreInventory" time="2.251"/>
  <testcase classname="api.tests.StoreTest" name="testPlaceOrder" time="1.790"/>
  <testcase classname="api.tests.StoreTest" name="testGetOrderInfo" time="1.416"/>
  <testcase classname="api.tests.StoreTest" name="testDeleteOrder" time="1.432"/>
</testsuite> <!-- api.tests.StoreTest -->
